# JRE version: Java(TM) SE Runtime Environment (7.0_76-b13) (build 1.7.0_76-b13)
# Java VM: Java HotSpot(TM) 64-Bit Server VM (24.76-b04 mixed mode linux-amd64 compressed oops)
Heap
 PSYoungGen      total 281088K, used 263168K [0x00000000eaa80000, 0x00000000fd080000, 0x0000000100000000)
  eden space 263168K, 100% used [0x00000000eaa80000,0x00000000fab80000,0x00000000fab80000)
  from space 17920K, 0% used [0x00000000fbf00000,0x00000000fbf00000,0x00000000fd080000)
  to   space 18944K, 0% used [0x00000000fab80000,0x00000000fab80000,0x00000000fbe00000)
 ParOldGen       total 53760K, used 41735K [0x00000000c0000000, 0x00000000c3480000, 0x00000000eaa80000)
  object space 53760K, 77% used [0x00000000c0000000,0x00000000c28c1d00,0x00000000c3480000)
 PSPermGen       total 81920K, used 50420K [0x00000000b0000000, 0x00000000b5000000, 0x00000000c0000000)
  object space 81920K, 61% used [0x00000000b0000000,0x00000000b313d2a8,0x00000000b5000000)
GC Heap History (10 events):
Event: 23,311 GC heap after
Heap after GC invocations=13 (full 0):
 PSYoungGen      total 112640K, used 3473K [0x00000000eaa80000, 0x00000000f5e00000, 0x0000000100000000)
  eden space 104448K, 0% used [0x00000000eaa80000,0x00000000eaa80000,0x00000000f1080000)
  from space 8192K, 42% used [0x00000000f1080000,0x00000000f13e46a0,0x00000000f1880000)
  to   space 8192K, 0% used [0x00000000f5600000,0x00000000f5600000,0x00000000f5e00000)
 ParOldGen       total 53760K, used 16819K [0x00000000c0000000, 0x00000000c3480000, 0x00000000eaa80000)
  object space 53760K, 31% used [0x00000000c0000000,0x00000000c106ce98,0x00000000c3480000)
 PSPermGen       total 23552K, used 23134K [0x00000000b0000000, 0x00000000b1700000, 0x00000000c0000000)
  object space 23552K, 98% used [0x00000000b0000000,0x00000000b1697b28,0x00000000b1700000)
}
Event: 32,454 GC heap before
{Heap before GC invocations=14 (full 0):
 PSYoungGen      total 112640K, used 107921K [0x00000000eaa80000, 0x00000000f5e00000, 0x0000000100000000)
  eden space 104448K, 100% used [0x00000000eaa80000,0x00000000f1080000,0x00000000f1080000)
  from space 8192K, 42% used [0x00000000f1080000,0x00000000f13e46a0,0x00000000f1880000)
  to   space 8192K, 0% used [0x00000000f5600000,0x00000000f5600000,0x00000000f5e00000)
 ParOldGen       total 53760K, used 16819K [0x00000000c0000000, 0x00000000c3480000, 0x00000000eaa80000)
  object space 53760K, 31% used [0x00000000c0000000,0x00000000c106ce98,0x00000000c3480000)
 PSPermGen       total 28672K, used 28638K [0x00000000b0000000, 0x00000000b1c00000, 0x00000000c0000000)
  object space 28672K, 99% used [0x00000000b0000000,0x00000000b1bf7bc8,0x00000000b1c00000)
Event: 32,554 GC heap after
Heap after GC invocations=14 (full 0):
 PSYoungGen      total 172544K, used 8169K [0x00000000eaa80000, 0x00000000f6400000, 0x0000000100000000)
  eden space 164352K, 0% used [0x00000000eaa80000,0x00000000eaa80000,0x00000000f4b00000)
  from space 8192K, 99% used [0x00000000f5600000,0x00000000f5dfa5a0,0x00000000f5e00000)
  to   space 11264K, 0% used [0x00000000f4b00000,0x00000000f4b00000,0x00000000f5600000)
 ParOldGen       total 53760K, used 21960K [0x00000000c0000000, 0x00000000c3480000, 0x00000000eaa80000)
  object space 53760K, 40% used [0x00000000c0000000,0x00000000c1572030,0x00000000c3480000)
 PSPermGen       total 28672K, used 28638K [0x00000000b0000000, 0x00000000b1c00000, 0x00000000c0000000)
  object space 28672K, 99% used [0x00000000b0000000,0x00000000b1bf7bc8,0x00000000b1c00000)
}
Event: 52,395 GC heap before
{Heap before GC invocations=15 (full 0):
 PSYoungGen      total 172544K, used 172521K [0x00000000eaa80000, 0x00000000f6400000, 0x0000000100000000)
  eden space 164352K, 100% used [0x00000000eaa80000,0x00000000f4b00000,0x00000000f4b00000)
  from space 8192K, 99% used [0x00000000f5600000,0x00000000f5dfa5a0,0x00000000f5e00000)
  to   space 11264K, 0% used [0x00000000f4b00000,0x00000000f4b00000,0x00000000f5600000)
 ParOldGen       total 53760K, used 21960K [0x00000000c0000000, 0x00000000c3480000, 0x00000000eaa80000)
  object space 53760K, 40% used [0x00000000c0000000,0x00000000c1572030,0x00000000c3480000)
 PSPermGen       total 38912K, used 38491K [0x00000000b0000000, 0x00000000b2600000, 0x00000000c0000000)
  object space 38912K, 98% used [0x00000000b0000000,0x00000000b2596d88,0x00000000b2600000)
Event: 52,614 GC heap after
Heap after GC invocations=15 (full 0):
 PSYoungGen      total 175616K, used 11260K [0x00000000eaa80000, 0x00000000fd280000, 0x0000000100000000)
  eden space 164352K, 0% used [0x00000000eaa80000,0x00000000eaa80000,0x00000000f4b00000)
  from space 11264K, 99% used [0x00000000f4b00000,0x00000000f55ff210,0x00000000f5600000)
  to   space 19968K, 0% used [0x00000000fbf00000,0x00000000fbf00000,0x00000000fd280000)
 ParOldGen       total 53760K, used 40621K [0x00000000c0000000, 0x00000000c3480000, 0x00000000eaa80000)
  object space 53760K, 75% used [0x00000000c0000000,0x00000000c27ab4b8,0x00000000c3480000)
 PSPermGen       total 38912K, used 38491K [0x00000000b0000000, 0x00000000b2600000, 0x00000000c0000000)
  object space 38912K, 98% used [0x00000000b0000000,0x00000000b2596d88,0x00000000b2600000)
}
Event: 61,393 GC heap before
{Heap before GC invocations=16 (full 0):
 PSYoungGen      total 175616K, used 82057K [0x00000000eaa80000, 0x00000000fd280000, 0x0000000100000000)
  eden space 164352K, 43% used [0x00000000eaa80000,0x00000000eefa33f8,0x00000000f4b00000)
  from space 11264K, 99% used [0x00000000f4b00000,0x00000000f55ff210,0x00000000f5600000)
  to   space 19968K, 0% used [0x00000000fbf00000,0x00000000fbf00000,0x00000000fd280000)
 ParOldGen       total 53760K, used 40621K [0x00000000c0000000, 0x00000000c3480000, 0x00000000eaa80000)
  object space 53760K, 75% used [0x00000000c0000000,0x00000000c27ab4b8,0x00000000c3480000)
 PSPermGen       total 40960K, used 40895K [0x00000000b0000000, 0x00000000b2800000, 0x00000000c0000000)
  object space 40960K, 99% used [0x00000000b0000000,0x00000000b27eff58,0x00000000b2800000)
Event: 61,554 GC heap after
Heap after GC invocations=16 (full 0):
 PSYoungGen      total 281088K, used 7667K [0x00000000eaa80000, 0x00000000fd080000, 0x0000000100000000)
  eden space 263168K, 0% used [0x00000000eaa80000,0x00000000eaa80000,0x00000000fab80000)
  from space 17920K, 42% used [0x00000000fbf00000,0x00000000fc67cfe0,0x00000000fd080000)
  to   space 18944K, 0% used [0x00000000fab80000,0x00000000fab80000,0x00000000fbe00000)
 ParOldGen       total 53760K, used 51574K [0x00000000c0000000, 0x00000000c3480000, 0x00000000eaa80000)
  object space 53760K, 95% used [0x00000000c0000000,0x00000000c325db60,0x00000000c3480000)
 PSPermGen       total 40960K, used 40895K [0x00000000b0000000, 0x00000000b2800000, 0x00000000c0000000)
  object space 40960K, 99% used [0x00000000b0000000,0x00000000b27eff58,0x00000000b2800000)
}
Event: 61,554 GC heap before
{Heap before GC invocations=17 (full 1):
 PSYoungGen      total 281088K, used 7667K [0x00000000eaa80000, 0x00000000fd080000, 0x0000000100000000)
  eden space 263168K, 0% used [0x00000000eaa80000,0x00000000eaa80000,0x00000000fab80000)
  from space 17920K, 42% used [0x00000000fbf00000,0x00000000fc67cfe0,0x00000000fd080000)
  to   space 18944K, 0% used [0x00000000fab80000,0x00000000fab80000,0x00000000fbe00000)
 ParOldGen       total 53760K, used 51574K [0x00000000c0000000, 0x00000000c3480000, 0x00000000eaa80000)
  object space 53760K, 95% used [0x00000000c0000000,0x00000000c325db60,0x00000000c3480000)
 PSPermGen       total 40960K, used 40895K [0x00000000b0000000, 0x00000000b2800000, 0x00000000c0000000)
  object space 40960K, 99% used [0x00000000b0000000,0x00000000b27eff58,0x00000000b2800000)
Event: 63,447 GC heap after
Heap after GC invocations=17 (full 1):
 PSYoungGen      total 281088K, used 0K [0x00000000eaa80000, 0x00000000fd080000, 0x0000000100000000)
  eden space 263168K, 0% used [0x00000000eaa80000,0x00000000eaa80000,0x00000000fab80000)
  from space 17920K, 0% used [0x00000000fbf00000,0x00000000fbf00000,0x00000000fd080000)
  to   space 18944K, 0% used [0x00000000fab80000,0x00000000fab80000,0x00000000fbe00000)
 ParOldGen       total 53760K, used 41735K [0x00000000c0000000, 0x00000000c3480000, 0x00000000eaa80000)
  object space 53760K, 77% used [0x00000000c0000000,0x00000000c28c1d00,0x00000000c3480000)
 PSPermGen       total 81920K, used 40800K [0x00000000b0000000, 0x00000000b5000000, 0x00000000c0000000)
  object space 81920K, 49% used [0x00000000b0000000,0x00000000b27d83c8,0x00000000b5000000)
}
Event: 88,851 GC heap before
{Heap before GC invocations=18 (full 2):
 PSYoungGen      total 281088K, used 263168K [0x00000000eaa80000, 0x00000000fd080000, 0x0000000100000000)
  eden space 263168K, 100% used [0x00000000eaa80000,0x00000000fab80000,0x00000000fab80000)
  from space 17920K, 0% used [0x00000000fbf00000,0x00000000fbf00000,0x00000000fd080000)
  to   space 18944K, 0% used [0x00000000fab80000,0x00000000fab80000,0x00000000fbe00000)
 ParOldGen       total 53760K, used 41735K [0x00000000c0000000, 0x00000000c3480000, 0x00000000eaa80000)
  object space 53760K, 77% used [0x00000000c0000000,0x00000000c28c1d00,0x00000000c3480000)
 PSPermGen       total 81920K, used 50420K [0x00000000b0000000, 0x00000000b5000000, 0x00000000c0000000)
  object space 81920K, 61% used [0x00000000b0000000,0x00000000b313d2a8,0x00000000b5000000)

