# JRE version: Java(TM) SE Runtime Environment (7.0_76-b13) (build 1.7.0_76-b13)
# Java VM: Java HotSpot(TM) 64-Bit Server VM (24.76-b04 mixed mode linux-amd64 compressed oops)
Heap
 PSYoungGen      total 257536K, used 58285K [0x00000000eaa80000, 0x0000000100000000, 0x0000000100000000)
  eden space 199168K, 0% used [0x00000000eaa80000,0x00000000eaa80000,0x00000000f6d00000)
  from space 58368K, 99% used [0x00000000f6d00000,0x00000000fa5eb480,0x00000000fa600000)
  to   space 78848K, 0% used [0x00000000fb300000,0x00000000fb300000,0x0000000100000000)
 ParOldGen       total 282112K, used 197194K [0x00000000c0000000, 0x00000000d1380000, 0x00000000eaa80000)
  object space 282112K, 69% used [0x00000000c0000000,0x00000000cc092a18,0x00000000d1380000)
 PSPermGen       total 262144K, used 262143K [0x00000000b0000000, 0x00000000c0000000, 0x00000000c0000000)
  object space 262144K, 99% used [0x00000000b0000000,0x00000000bfffffe8,0x00000000c0000000)
GC Heap History (10 events):
Event: 9506,348 GC heap after
Heap after GC invocations=83 (full 24):
 PSYoungGen      total 273408K, used 32238K [0x00000000eaa80000, 0x00000000ffc00000, 0x0000000100000000)
  eden space 241152K, 0% used [0x00000000eaa80000,0x00000000eaa80000,0x00000000f9600000)
  from space 32256K, 99% used [0x00000000f9600000,0x00000000fb57b898,0x00000000fb580000)
  to   space 52224K, 0% used [0x00000000fc900000,0x00000000fc900000,0x00000000ffc00000)
 ParOldGen       total 282112K, used 175644K [0x00000000c0000000, 0x00000000d1380000, 0x00000000eaa80000)
  object space 282112K, 62% used [0x00000000c0000000,0x00000000cab87020,0x00000000d1380000)
 PSPermGen       total 253952K, used 237443K [0x00000000b0000000, 0x00000000bf800000, 0x00000000c0000000)
  object space 253952K, 93% used [0x00000000b0000000,0x00000000be7e0f18,0x00000000bf800000)
}
Event: 9524,177 GC heap before
{Heap before GC invocations=84 (full 24):
 PSYoungGen      total 273408K, used 273390K [0x00000000eaa80000, 0x00000000ffc00000, 0x0000000100000000)
  eden space 241152K, 100% used [0x00000000eaa80000,0x00000000f9600000,0x00000000f9600000)
  from space 32256K, 99% used [0x00000000f9600000,0x00000000fb57b898,0x00000000fb580000)
  to   space 52224K, 0% used [0x00000000fc900000,0x00000000fc900000,0x00000000ffc00000)
 ParOldGen       total 282112K, used 175644K [0x00000000c0000000, 0x00000000d1380000, 0x00000000eaa80000)
  object space 282112K, 62% used [0x00000000c0000000,0x00000000cab87020,0x00000000d1380000)
 PSPermGen       total 253952K, used 245590K [0x00000000b0000000, 0x00000000bf800000, 0x00000000c0000000)
  object space 253952K, 96% used [0x00000000b0000000,0x00000000befd5ab8,0x00000000bf800000)
Event: 9524,289 GC heap after
Heap after GC invocations=84 (full 24):
 PSYoungGen      total 289792K, used 45891K [0x00000000eaa80000, 0x0000000100000000, 0x0000000100000000)
  eden space 237568K, 0% used [0x00000000eaa80000,0x00000000eaa80000,0x00000000f9280000)
  from space 52224K, 87% used [0x00000000fc900000,0x00000000ff5d0d98,0x00000000ffc00000)
  to   space 55808K, 0% used [0x00000000f9280000,0x00000000f9280000,0x00000000fc900000)
 ParOldGen       total 282112K, used 175644K [0x00000000c0000000, 0x00000000d1380000, 0x00000000eaa80000)
  object space 282112K, 62% used [0x00000000c0000000,0x00000000cab87020,0x00000000d1380000)
 PSPermGen       total 253952K, used 245590K [0x00000000b0000000, 0x00000000bf800000, 0x00000000c0000000)
  object space 253952K, 96% used [0x00000000b0000000,0x00000000befd5ab8,0x00000000bf800000)
}
Event: 9534,251 GC heap before
{Heap before GC invocations=85 (full 24):
 PSYoungGen      total 289792K, used 283459K [0x00000000eaa80000, 0x0000000100000000, 0x0000000100000000)
  eden space 237568K, 100% used [0x00000000eaa80000,0x00000000f9280000,0x00000000f9280000)
  from space 52224K, 87% used [0x00000000fc900000,0x00000000ff5d0d98,0x00000000ffc00000)
  to   space 55808K, 0% used [0x00000000f9280000,0x00000000f9280000,0x00000000fc900000)
 ParOldGen       total 282112K, used 175644K [0x00000000c0000000, 0x00000000d1380000, 0x00000000eaa80000)
  object space 282112K, 62% used [0x00000000c0000000,0x00000000cab87020,0x00000000d1380000)
 PSPermGen       total 253952K, used 253738K [0x00000000b0000000, 0x00000000bf800000, 0x00000000c0000000)
  object space 253952K, 99% used [0x00000000b0000000,0x00000000bf7cab80,0x00000000bf800000)
Event: 9534,456 GC heap after
Heap after GC invocations=85 (full 24):
 PSYoungGen      total 293376K, used 55800K [0x00000000eaa80000, 0x0000000100000000, 0x0000000100000000)
  eden space 237568K, 0% used [0x00000000eaa80000,0x00000000eaa80000,0x00000000f9280000)
  from space 55808K, 99% used [0x00000000f9280000,0x00000000fc8fe308,0x00000000fc900000)
  to   space 56320K, 0% used [0x00000000fc900000,0x00000000fc900000,0x0000000100000000)
 ParOldGen       total 282112K, used 178303K [0x00000000c0000000, 0x00000000d1380000, 0x00000000eaa80000)
  object space 282112K, 63% used [0x00000000c0000000,0x00000000cae1fdf8,0x00000000d1380000)
 PSPermGen       total 253952K, used 253738K [0x00000000b0000000, 0x00000000bf800000, 0x00000000c0000000)
  object space 253952K, 99% used [0x00000000b0000000,0x00000000bf7cab80,0x00000000bf800000)
}
Event: 9546,286 GC heap before
{Heap before GC invocations=86 (full 24):
 PSYoungGen      total 293376K, used 293368K [0x00000000eaa80000, 0x0000000100000000, 0x0000000100000000)
  eden space 237568K, 100% used [0x00000000eaa80000,0x00000000f9280000,0x00000000f9280000)
  from space 55808K, 99% used [0x00000000f9280000,0x00000000fc8fe308,0x00000000fc900000)
  to   space 56320K, 0% used [0x00000000fc900000,0x00000000fc900000,0x0000000100000000)
 ParOldGen       total 282112K, used 178303K [0x00000000c0000000, 0x00000000d1380000, 0x00000000eaa80000)
  object space 282112K, 63% used [0x00000000c0000000,0x00000000cae1fdf8,0x00000000d1380000)
 PSPermGen       total 262144K, used 261826K [0x00000000b0000000, 0x00000000c0000000, 0x00000000c0000000)
  object space 262144K, 99% used [0x00000000b0000000,0x00000000bffb0868,0x00000000c0000000)
Event: 9546,473 GC heap after
Heap after GC invocations=86 (full 24):
 PSYoungGen      total 255488K, used 56316K [0x00000000eaa80000, 0x0000000100000000, 0x0000000100000000)
  eden space 199168K, 0% used [0x00000000eaa80000,0x00000000eaa80000,0x00000000f6d00000)
  from space 56320K, 99% used [0x00000000fc900000,0x00000000fffff290,0x0000000100000000)
  to   space 75264K, 0% used [0x00000000f6d00000,0x00000000f6d00000,0x00000000fb680000)
 ParOldGen       total 282112K, used 197194K [0x00000000c0000000, 0x00000000d1380000, 0x00000000eaa80000)
  object space 282112K, 69% used [0x00000000c0000000,0x00000000cc092a18,0x00000000d1380000)
 PSPermGen       total 262144K, used 261826K [0x00000000b0000000, 0x00000000c0000000, 0x00000000c0000000)
  object space 262144K, 99% used [0x00000000b0000000,0x00000000bffb0868,0x00000000c0000000)
}
Event: 9559,939 GC heap before
{Heap before GC invocations=87 (full 24):
 PSYoungGen      total 255488K, used 159967K [0x00000000eaa80000, 0x0000000100000000, 0x0000000100000000)
  eden space 199168K, 52% used [0x00000000eaa80000,0x00000000f0fb8b30,0x00000000f6d00000)
  from space 56320K, 99% used [0x00000000fc900000,0x00000000fffff290,0x0000000100000000)
  to   space 75264K, 0% used [0x00000000f6d00000,0x00000000f6d00000,0x00000000fb680000)
 ParOldGen       total 282112K, used 197194K [0x00000000c0000000, 0x00000000d1380000, 0x00000000eaa80000)
  object space 282112K, 69% used [0x00000000c0000000,0x00000000cc092a18,0x00000000d1380000)
 PSPermGen       total 262144K, used 262143K [0x00000000b0000000, 0x00000000c0000000, 0x00000000c0000000)
  object space 262144K, 99% used [0x00000000b0000000,0x00000000bfffffe8,0x00000000c0000000)
Event: 9560,071 GC heap after
Heap after GC invocations=87 (full 24):
 PSYoungGen      total 257536K, used 58285K [0x00000000eaa80000, 0x0000000100000000, 0x0000000100000000)
  eden space 199168K, 0% used [0x00000000eaa80000,0x00000000eaa80000,0x00000000f6d00000)
  from space 58368K, 99% used [0x00000000f6d00000,0x00000000fa5eb480,0x00000000fa600000)
  to   space 78848K, 0% used [0x00000000fb300000,0x00000000fb300000,0x0000000100000000)
 ParOldGen       total 282112K, used 197194K [0x00000000c0000000, 0x00000000d1380000, 0x00000000eaa80000)
  object space 282112K, 69% used [0x00000000c0000000,0x00000000cc092a18,0x00000000d1380000)
 PSPermGen       total 262144K, used 262143K [0x00000000b0000000, 0x00000000c0000000, 0x00000000c0000000)
  object space 262144K, 99% used [0x00000000b0000000,0x00000000bfffffe8,0x00000000c0000000)
}
Event: 9560,071 GC heap before
{Heap before GC invocations=88 (full 25):
 PSYoungGen      total 257536K, used 58285K [0x00000000eaa80000, 0x0000000100000000, 0x0000000100000000)
  eden space 199168K, 0% used [0x00000000eaa80000,0x00000000eaa80000,0x00000000f6d00000)
  from space 58368K, 99% used [0x00000000f6d00000,0x00000000fa5eb480,0x00000000fa600000)
  to   space 78848K, 0% used [0x00000000fb300000,0x00000000fb300000,0x0000000100000000)
 ParOldGen       total 282112K, used 197194K [0x00000000c0000000, 0x00000000d1380000, 0x00000000eaa80000)
  object space 282112K, 69% used [0x00000000c0000000,0x00000000cc092a18,0x00000000d1380000)
 PSPermGen       total 262144K, used 262143K [0x00000000b0000000, 0x00000000c0000000, 0x00000000c0000000)
  object space 262144K, 99% used [0x00000000b0000000,0x00000000bfffffe8,0x00000000c0000000)

