# JRE version: Java(TM) SE Runtime Environment (7.0_76-b13) (build 1.7.0_76-b13)
# Java VM: Java HotSpot(TM) 64-Bit Server VM (24.76-b04 mixed mode linux-amd64 compressed oops)
Heap
 PSYoungGen      total 230912K, used 10448K [0x00000000eaa80000, 0x00000000fa000000, 0x0000000100000000)
  eden space 211456K, 0% used [0x00000000eaa80000,0x00000000eaa80000,0x00000000f7900000)
  from space 19456K, 53% used [0x00000000f8d00000,0x00000000f97343a8,0x00000000fa000000)
  to   space 19968K, 0% used [0x00000000f7900000,0x00000000f7900000,0x00000000f8c80000)
 ParOldGen       total 53760K, used 46629K [0x00000000c0000000, 0x00000000c3480000, 0x00000000eaa80000)
  object space 53760K, 86% used [0x00000000c0000000,0x00000000c2d89740,0x00000000c3480000)
 PSPermGen       total 44544K, used 44247K [0x00000000b0000000, 0x00000000b2b80000, 0x00000000c0000000)
  object space 44544K, 99% used [0x00000000b0000000,0x00000000b2b35ce0,0x00000000b2b80000)
GC Heap History (10 events):
Event: 10,973 GC heap after
Heap after GC invocations=8 (full 0):
 PSYoungGen      total 91648K, used 1876K [0x00000000eaa80000, 0x00000000f0b80000, 0x0000000100000000)
  eden space 83968K, 0% used [0x00000000eaa80000,0x00000000eaa80000,0x00000000efc80000)
  from space 7680K, 24% used [0x00000000f0400000,0x00000000f05d50d0,0x00000000f0b80000)
  to   space 7680K, 0% used [0x00000000efc80000,0x00000000efc80000,0x00000000f0400000)
 ParOldGen       total 53760K, used 12218K [0x00000000c0000000, 0x00000000c3480000, 0x00000000eaa80000)
  object space 53760K, 22% used [0x00000000c0000000,0x00000000c0beeaa8,0x00000000c3480000)
 PSPermGen       total 21504K, used 20103K [0x00000000b0000000, 0x00000000b1500000, 0x00000000c0000000)
  object space 21504K, 93% used [0x00000000b0000000,0x00000000b13a1df0,0x00000000b1500000)
}
Event: 13,411 GC heap before
{Heap before GC invocations=9 (full 0):
 PSYoungGen      total 91648K, used 85844K [0x00000000eaa80000, 0x00000000f0b80000, 0x0000000100000000)
  eden space 83968K, 100% used [0x00000000eaa80000,0x00000000efc80000,0x00000000efc80000)
  from space 7680K, 24% used [0x00000000f0400000,0x00000000f05d50d0,0x00000000f0b80000)
  to   space 7680K, 0% used [0x00000000efc80000,0x00000000efc80000,0x00000000f0400000)
 ParOldGen       total 53760K, used 12218K [0x00000000c0000000, 0x00000000c3480000, 0x00000000eaa80000)
  object space 53760K, 22% used [0x00000000c0000000,0x00000000c0beeaa8,0x00000000c3480000)
 PSPermGen       total 25600K, used 25136K [0x00000000b0000000, 0x00000000b1900000, 0x00000000c0000000)
  object space 25600K, 98% used [0x00000000b0000000,0x00000000b188c198,0x00000000b1900000)
Event: 13,443 GC heap after
Heap after GC invocations=9 (full 0):
 PSYoungGen      total 91648K, used 7651K [0x00000000eaa80000, 0x00000000f4200000, 0x0000000100000000)
  eden space 83968K, 0% used [0x00000000eaa80000,0x00000000eaa80000,0x00000000efc80000)
  from space 7680K, 99% used [0x00000000efc80000,0x00000000f03f8d48,0x00000000f0400000)
  to   space 10240K, 0% used [0x00000000f3800000,0x00000000f3800000,0x00000000f4200000)
 ParOldGen       total 53760K, used 15119K [0x00000000c0000000, 0x00000000c3480000, 0x00000000eaa80000)
  object space 53760K, 28% used [0x00000000c0000000,0x00000000c0ec3c48,0x00000000c3480000)
 PSPermGen       total 25600K, used 25136K [0x00000000b0000000, 0x00000000b1900000, 0x00000000c0000000)
  object space 25600K, 98% used [0x00000000b0000000,0x00000000b188c198,0x00000000b1900000)
}
Event: 18,397 GC heap before
{Heap before GC invocations=10 (full 0):
 PSYoungGen      total 91648K, used 91619K [0x00000000eaa80000, 0x00000000f4200000, 0x0000000100000000)
  eden space 83968K, 100% used [0x00000000eaa80000,0x00000000efc80000,0x00000000efc80000)
  from space 7680K, 99% used [0x00000000efc80000,0x00000000f03f8d48,0x00000000f0400000)
  to   space 10240K, 0% used [0x00000000f3800000,0x00000000f3800000,0x00000000f4200000)
 ParOldGen       total 53760K, used 15119K [0x00000000c0000000, 0x00000000c3480000, 0x00000000eaa80000)
  object space 53760K, 28% used [0x00000000c0000000,0x00000000c0ec3c48,0x00000000c3480000)
 PSPermGen       total 31232K, used 31227K [0x00000000b0000000, 0x00000000b1e80000, 0x00000000c0000000)
  object space 31232K, 99% used [0x00000000b0000000,0x00000000b1e7ee10,0x00000000b1e80000)
Event: 18,453 GC heap after
Heap after GC invocations=10 (full 0):
 PSYoungGen      total 142336K, used 10235K [0x00000000eaa80000, 0x00000000f4700000, 0x0000000100000000)
  eden space 132096K, 0% used [0x00000000eaa80000,0x00000000eaa80000,0x00000000f2b80000)
  from space 10240K, 99% used [0x00000000f3800000,0x00000000f41fee30,0x00000000f4200000)
  to   space 12800K, 0% used [0x00000000f2b80000,0x00000000f2b80000,0x00000000f3800000)
 ParOldGen       total 53760K, used 18340K [0x00000000c0000000, 0x00000000c3480000, 0x00000000eaa80000)
  object space 53760K, 34% used [0x00000000c0000000,0x00000000c11e9030,0x00000000c3480000)
 PSPermGen       total 31232K, used 31227K [0x00000000b0000000, 0x00000000b1e80000, 0x00000000c0000000)
  object space 31232K, 99% used [0x00000000b0000000,0x00000000b1e7ee10,0x00000000b1e80000)
}
Event: 28,328 GC heap before
{Heap before GC invocations=11 (full 0):
 PSYoungGen      total 142336K, used 142331K [0x00000000eaa80000, 0x00000000f4700000, 0x0000000100000000)
  eden space 132096K, 100% used [0x00000000eaa80000,0x00000000f2b80000,0x00000000f2b80000)
  from space 10240K, 99% used [0x00000000f3800000,0x00000000f41fee30,0x00000000f4200000)
  to   space 12800K, 0% used [0x00000000f2b80000,0x00000000f2b80000,0x00000000f3800000)
 ParOldGen       total 53760K, used 18340K [0x00000000c0000000, 0x00000000c3480000, 0x00000000eaa80000)
  object space 53760K, 34% used [0x00000000c0000000,0x00000000c11e9030,0x00000000c3480000)
 PSPermGen       total 37888K, used 37523K [0x00000000b0000000, 0x00000000b2500000, 0x00000000c0000000)
  object space 37888K, 99% used [0x00000000b0000000,0x00000000b24a4e38,0x00000000b2500000)
Event: 28,441 GC heap after
Heap after GC invocations=11 (full 0):
 PSYoungGen      total 144896K, used 12796K [0x00000000eaa80000, 0x00000000fa100000, 0x0000000100000000)
  eden space 132096K, 0% used [0x00000000eaa80000,0x00000000eaa80000,0x00000000f2b80000)
  from space 12800K, 99% used [0x00000000f2b80000,0x00000000f37ff210,0x00000000f3800000)
  to   space 20480K, 0% used [0x00000000f8d00000,0x00000000f8d00000,0x00000000fa100000)
 ParOldGen       total 53760K, used 33776K [0x00000000c0000000, 0x00000000c3480000, 0x00000000eaa80000)
  object space 53760K, 62% used [0x00000000c0000000,0x00000000c20fc010,0x00000000c3480000)
 PSPermGen       total 37888K, used 37523K [0x00000000b0000000, 0x00000000b2500000, 0x00000000c0000000)
  object space 37888K, 99% used [0x00000000b0000000,0x00000000b24a4e38,0x00000000b2500000)
}
Event: 50,968 GC heap before
{Heap before GC invocations=12 (full 0):
 PSYoungGen      total 144896K, used 144892K [0x00000000eaa80000, 0x00000000fa100000, 0x0000000100000000)
  eden space 132096K, 100% used [0x00000000eaa80000,0x00000000f2b80000,0x00000000f2b80000)
  from space 12800K, 99% used [0x00000000f2b80000,0x00000000f37ff210,0x00000000f3800000)
  to   space 20480K, 0% used [0x00000000f8d00000,0x00000000f8d00000,0x00000000fa100000)
 ParOldGen       total 53760K, used 33776K [0x00000000c0000000, 0x00000000c3480000, 0x00000000eaa80000)
  object space 53760K, 62% used [0x00000000c0000000,0x00000000c20fc010,0x00000000c3480000)
 PSPermGen       total 44544K, used 44247K [0x00000000b0000000, 0x00000000b2b80000, 0x00000000c0000000)
  object space 44544K, 99% used [0x00000000b0000000,0x00000000b2b35ce0,0x00000000b2b80000)
Event: 51,025 GC heap after
Heap after GC invocations=12 (full 0):
 PSYoungGen      total 230912K, used 10448K [0x00000000eaa80000, 0x00000000fa000000, 0x0000000100000000)
  eden space 211456K, 0% used [0x00000000eaa80000,0x00000000eaa80000,0x00000000f7900000)
  from space 19456K, 53% used [0x00000000f8d00000,0x00000000f97343a8,0x00000000fa000000)
  to   space 19968K, 0% used [0x00000000f7900000,0x00000000f7900000,0x00000000f8c80000)
 ParOldGen       total 53760K, used 46629K [0x00000000c0000000, 0x00000000c3480000, 0x00000000eaa80000)
  object space 53760K, 86% used [0x00000000c0000000,0x00000000c2d89740,0x00000000c3480000)
 PSPermGen       total 44544K, used 44247K [0x00000000b0000000, 0x00000000b2b80000, 0x00000000c0000000)
  object space 44544K, 99% used [0x00000000b0000000,0x00000000b2b35ce0,0x00000000b2b80000)
}
Event: 51,025 GC heap before
{Heap before GC invocations=13 (full 1):
 PSYoungGen      total 230912K, used 10448K [0x00000000eaa80000, 0x00000000fa000000, 0x0000000100000000)
  eden space 211456K, 0% used [0x00000000eaa80000,0x00000000eaa80000,0x00000000f7900000)
  from space 19456K, 53% used [0x00000000f8d00000,0x00000000f97343a8,0x00000000fa000000)
  to   space 19968K, 0% used [0x00000000f7900000,0x00000000f7900000,0x00000000f8c80000)
 ParOldGen       total 53760K, used 46629K [0x00000000c0000000, 0x00000000c3480000, 0x00000000eaa80000)
  object space 53760K, 86% used [0x00000000c0000000,0x00000000c2d89740,0x00000000c3480000)
 PSPermGen       total 44544K, used 44247K [0x00000000b0000000, 0x00000000b2b80000, 0x00000000c0000000)
  object space 44544K, 99% used [0x00000000b0000000,0x00000000b2b35ce0,0x00000000b2b80000)

